<?xml version="1.0" encoding="UTF-8"?>
<!-- Generated by org.testng.reporters.JUnitXMLReporter -->
<testsuite ignored="6" hostname="LAPTOP-7SC5PKH2" failures="0" tests="2" name="groupingtests" time="0.067" errors="0" timestamp="2025-11-16T21:44:59 IST">
  <testcase classname="day49.paymentTest" name="paymentInRupees" time="0.012"/>
  <testcase classname="day49.paymentTest" name="paymentInDoller" time="0.002"/>
  <testcase classname="day49.signUpTest" name="singUpByEmail" time="0.0">
    <ignored/>
  </testcase> <!-- singUpByEmail -->
  <testcase classname="day49.signUpTest" name="signUpByFacebook" time="0.0">
    <ignored/>
  </testcase> <!-- signUpByFacebook -->
  <testcase classname="day49.loginTest" name="loginByTwitter" time="0.0">
    <ignored/>
  </testcase> <!-- loginByTwitter -->
  <testcase classname="day49.signUpTest" name="signUpByTwitter" time="0.0">
    <ignored/>
  </testcase> <!-- signUpByTwitter -->
  <testcase classname="day49.loginTest" name="loginByEmail" time="0.0">
    <ignored/>
  </testcase> <!-- loginByEmail -->
  <testcase classname="day49.loginTest" name="loginByFacebook" time="0.0">
    <ignored/>
  </testcase> <!-- loginByFacebook -->
</testsuite> <!-- groupingtests -->
