<?xml version="1.0" encoding="UTF-8"?>
<testng-results ignored="0" total="1" passed="1" failed="0" skipped="0">
  <reporter-output>
  </reporter-output>
  <suite started-at="2025-11-19T18:17:10 IST" name="Suite" finished-at="2025-11-19T18:17:23 IST" duration-ms="12626">
    <groups>
    </groups>
    <test started-at="2025-11-19T18:17:10 IST" name="Test" finished-at="2025-11-19T18:17:23 IST" duration-ms="12626">
      <class name="day52.loginTest">
        <test-method is-config="true" signature="setup()[pri:0, instance:day52.loginTest@198b6731]" started-at="2025-11-19T18:17:10 IST" name="setup" finished-at="2025-11-19T18:17:21 IST" duration-ms="10947" status="PASS">
          <reporter-output>
          </reporter-output>
        </test-method> <!-- setup -->
        <test-method signature="testLogin()[pri:0, instance:day52.loginTest@198b6731]" started-at="2025-11-19T18:17:21 IST" name="testLogin" finished-at="2025-11-19T18:17:22 IST" duration-ms="1416" status="PASS">
          <reporter-output>
          </reporter-output>
        </test-method> <!-- testLogin -->
        <test-method is-config="true" signature="tearDown()[pri:0, instance:day52.loginTest@198b6731]" started-at="2025-11-19T18:17:22 IST" name="tearDown" finished-at="2025-11-19T18:17:23 IST" duration-ms="206" status="PASS">
          <reporter-output>
          </reporter-output>
        </test-method> <!-- tearDown -->
      </class> <!-- day52.loginTest -->
    </test> <!-- Test -->
  </suite> <!-- Suite -->
</testng-results>
