<?xml version="1.0" encoding="UTF-8"?>
<!-- Generated by org.testng.reporters.JUnitReportReporter -->
<testsuite hostname="LAPTOP-7SC5PKH2" failures="0" tests="6" name="day50.ParamTest" time="0.183" errors="0" timestamp="2025-11-17T08:58:28 IST" skipped="0">
  <testcase classname="day50.ParamTest" name="testLogo" time="0.084"/>
  <testcase classname="day50.ParamTest" name="testLogo" time="0.048"/>
  <testcase classname="day50.ParamTest" name="testTitle" time="0.017"/>
  <testcase classname="day50.ParamTest" name="testTitle" time="0.017"/>
  <testcase classname="day50.ParamTest" name="testUrl" time="0.013"/>
  <testcase classname="day50.ParamTest" name="testUrl" time="0.004"/>
</testsuite> <!-- day50.ParamTest -->
