<?xml version="1.0" encoding="UTF-8"?>
<!-- Generated by org.testng.reporters.JUnitReportReporter -->
<testsuite hostname="LAPTOP-7SC5PKH2" failures="0" tests="3" name="day45.SignupTest" time="0.005" errors="0" timestamp="2025-10-14T07:09:21 IST" skipped="0">
  <testcase classname="day45.SignupTest" name="Signupbyemail" time="0.002"/>
  <testcase classname="day45.SignupTest" name="Signupbyfacebook" time="0.002"/>
  <testcase classname="day45.SignupTest" name="Signupbytwitter" time="0.001"/>
</testsuite> <!-- day45.SignupTest -->
