<?xml version="1.0" encoding="UTF-8"?>
<!-- Generated by org.testng.reporters.JUnitReportReporter -->
<testsuite hostname="LAPTOP-7SC5PKH2" failures="0" tests="4" name="day47.OrangeHRM" time="13.490" errors="0" timestamp="2025-11-13T07:29:42 IST" skipped="0">
  <testcase classname="day47.OrangeHRM" name="openApp" time="8.750"/>
  <testcase classname="day47.OrangeHRM" name="logoTest" time="3.083"/>
  <testcase classname="day47.OrangeHRM" name="login" time="1.523"/>
  <testcase classname="day47.OrangeHRM" name="closeApp" time="0.134"/>
</testsuite> <!-- day47.OrangeHRM -->
