<?xml version="1.0" encoding="UTF-8"?>
<!-- Generated by org.testng.reporters.JUnitReportReporter -->
<testsuite hostname="LAPTOP-7SC5PKH2" failures="0" tests="3" name="day47.FirstTestCase" time="0.006" errors="0" timestamp="2025-11-13T07:29:42 IST" skipped="0">
  <testcase classname="day47.FirstTestCase" name="openapp" time="0.002"/>
  <testcase classname="day47.FirstTestCase" name="login" time="0.002"/>
  <testcase classname="day47.FirstTestCase" name="logout" time="0.002"/>
</testsuite> <!-- day47.FirstTestCase -->
