<?xml version="1.0" encoding="UTF-8"?>
<!-- Generated by org.testng.reporters.JUnitReportReporter -->
<testsuite hostname="LAPTOP-7SC5PKH2" failures="0" tests="3" name="day45.LoginTests" time="0.013" errors="0" timestamp="2025-10-14T07:18:04 IST" skipped="0">
  <testcase classname="day45.LoginTests" name="loginByEmail" time="0.010"/>
  <testcase classname="day45.LoginTests" name="loginByFacebook" time="0.002"/>
  <testcase classname="day45.LoginTests" name="loginByTwitter" time="0.001"/>
</testsuite> <!-- day45.LoginTests -->
