<?xml version="1.0" encoding="UTF-8"?>
<!-- Generated by org.testng.reporters.JUnitReportReporter -->
<testsuite hostname="LAPTOP-7SC5PKH2" failures="0" tests="3" name="day49.signUpTest" time="0.014" errors="0" timestamp="2025-11-16T21:38:56 IST" skipped="0">
  <testcase classname="day49.signUpTest" name="singUpByEmail" time="0.010"/>
  <testcase classname="day49.signUpTest" name="signUpByFacebook" time="0.002"/>
  <testcase classname="day49.signUpTest" name="signUpByTwitter" time="0.002"/>
</testsuite> <!-- day49.signUpTest -->
