<?xml version="1.0" encoding="UTF-8"?>
<!-- Generated by org.testng.reporters.JUnitReportReporter -->
<testsuite hostname="LAPTOP-7SC5PKH2" failures="0" tests="3" name="day49.loginTest" time="0.021" errors="0" timestamp="2025-11-16T21:37:59 IST" skipped="0">
  <testcase classname="day49.loginTest" name="loginByEmail" time="0.017"/>
  <testcase classname="day49.loginTest" name="loginByFacebook" time="0.002"/>
  <testcase classname="day49.loginTest" name="loginByTwitter" time="0.002"/>
</testsuite> <!-- day49.loginTest -->
