<?xml version="1.0" encoding="UTF-8"?>
<!-- Generated by org.testng.reporters.JUnitReportReporter -->
<testsuite hostname="LAPTOP-7SC5PKH2" failures="0" tests="4" name="day42.FirstTestcase" time="9.644" errors="0" timestamp="2025-11-13T07:25:07 IST" skipped="0">
  <testcase classname="day42.FirstTestcase" name="openapp" time="8.037"/>
  <testcase classname="day42.FirstTestcase" name="Testlogo" time="1.163"/>
  <testcase classname="day42.FirstTestcase" name="Login" time="0.267"/>
  <testcase classname="day42.FirstTestcase" name="Logout" time="0.177"/>
</testsuite> <!-- day42.FirstTestcase -->
