<?xml version="1.0" encoding="UTF-8"?>
<!-- Generated by org.testng.reporters.JUnitXMLReporter -->
<testsuite ignored="6" hostname="LAPTOP-7SC5PKH2" failures="0" tests="2" name="groupingtests" time="0.068" errors="0" timestamp="2025-10-14T07:25:19 IST">
  <testcase classname="day45.PaymentTest" name="paymentinRupees" time="0.01"/>
  <testcase classname="day45.PaymentTest" name="paymentinDoller" time="0.001"/>
  <testcase classname="day45.LoginTests" name="loginByFacebook" time="0.0">
    <ignored/>
  </testcase> <!-- loginByFacebook -->
  <testcase classname="day45.LoginTests" name="loginByEmail" time="0.0">
    <ignored/>
  </testcase> <!-- loginByEmail -->
  <testcase classname="day45.LoginTests" name="loginByTwitter" time="0.0">
    <ignored/>
  </testcase> <!-- loginByTwitter -->
  <testcase classname="day45.SignupTest" name="Signupbytwitter" time="0.0">
    <ignored/>
  </testcase> <!-- Signupbytwitter -->
  <testcase classname="day45.SignupTest" name="Signupbyfacebook" time="0.0">
    <ignored/>
  </testcase> <!-- Signupbyfacebook -->
  <testcase classname="day45.SignupTest" name="Signupbyemail" time="0.0">
    <ignored/>
  </testcase> <!-- Signupbyemail -->
</testsuite> <!-- groupingtests -->
